{"/Users/indranilchakraborty/Documents/portfolio/my project/user-service/babelrc.js": {"path":"/Users/indranilchakraborty/Documents/portfolio/my project/user-service/babelrc.js","all":true,"statementMap":{"0":{"start":{"line":1,"column":0},"end":{"line":1,"column":16}},"1":{"start":{"line":2,"column":0},"end":{"line":2,"column":57}},"2":{"start":{"line":3,"column":0},"end":{"line":3,"column":31}},"3":{"start":{"line":4,"column":0},"end":{"line":4,"column":2}}},"s":{"0":0,"1":0,"2":0,"3":0},"branchMap":{"0":{"type":"branch","line":1,"loc":{"start":{"line":1,"column":0},"end":{"line":4,"column":2}},"locations":[{"start":{"line":1,"column":0},"end":{"line":4,"column":2}}]}},"b":{"0":[0]},"fnMap":{"0":{"name":"(empty-report)","decl":{"start":{"line":1,"column":0},"end":{"line":4,"column":2}},"loc":{"start":{"line":1,"column":0},"end":{"line":4,"column":2}},"line":1}},"f":{"0":0}}
,"/Users/indranilchakraborty/Documents/portfolio/my project/user-service/src/app.js": {"path":"/Users/indranilchakraborty/Documents/portfolio/my project/user-service/src/app.js","all":false,"statementMap":{"0":{"start":{"line":1,"column":0},"end":{"line":1,"column":30}},"1":{"start":{"line":2,"column":0},"end":{"line":2,"column":28}},"2":{"start":{"line":3,"column":0},"end":{"line":3,"column":31}},"3":{"start":{"line":4,"column":0},"end":{"line":4,"column":28}},"4":{"start":{"line":5,"column":0},"end":{"line":5,"column":24}},"5":{"start":{"line":6,"column":0},"end":{"line":6,"column":36}},"6":{"start":{"line":7,"column":0},"end":{"line":7,"column":28}},"8":{"start":{"line":9,"column":0},"end":{"line":9,"column":63}},"9":{"start":{"line":10,"column":0},"end":{"line":10,"column":53}},"11":{"start":{"line":12,"column":0},"end":{"line":12,"column":23}},"12":{"start":{"line":13,"column":0},"end":{"line":13,"column":43}},"13":{"start":{"line":14,"column":0},"end":{"line":14,"column":8}},"14":{"start":{"line":15,"column":0},"end":{"line":15,"column":24}},"15":{"start":{"line":16,"column":0},"end":{"line":16,"column":44}},"16":{"start":{"line":17,"column":0},"end":{"line":17,"column":13}},"17":{"start":{"line":18,"column":0},"end":{"line":18,"column":12}},"18":{"start":{"line":19,"column":0},"end":{"line":19,"column":58}},"19":{"start":{"line":20,"column":0},"end":{"line":20,"column":20}},"20":{"start":{"line":21,"column":0},"end":{"line":21,"column":3}},"21":{"start":{"line":22,"column":0},"end":{"line":22,"column":55}},"22":{"start":{"line":23,"column":0},"end":{"line":23,"column":3}},"24":{"start":{"line":25,"column":0},"end":{"line":25,"column":22}},"25":{"start":{"line":26,"column":0},"end":{"line":26,"column":24}},"27":{"start":{"line":28,"column":0},"end":{"line":28,"column":23}},"28":{"start":{"line":29,"column":0},"end":{"line":29,"column":17}},"29":{"start":{"line":30,"column":0},"end":{"line":30,"column":60}},"31":{"start":{"line":32,"column":0},"end":{"line":32,"column":45}},"32":{"start":{"line":33,"column":0},"end":{"line":33,"column":33}},"33":{"start":{"line":34,"column":0},"end":{"line":34,"column":75}},"34":{"start":{"line":35,"column":0},"end":{"line":35,"column":1}},"36":{"start":{"line":37,"column":0},"end":{"line":37,"column":50}},"37":{"start":{"line":38,"column":0},"end":{"line":38,"column":31}},"38":{"start":{"line":39,"column":0},"end":{"line":39,"column":48}},"39":{"start":{"line":40,"column":0},"end":{"line":40,"column":1}},"42":{"start":{"line":43,"column":0},"end":{"line":43,"column":59}},"43":{"start":{"line":44,"column":0},"end":{"line":44,"column":49}},"44":{"start":{"line":45,"column":0},"end":{"line":45,"column":40}},"45":{"start":{"line":46,"column":0},"end":{"line":46,"column":42}},"47":{"start":{"line":48,"column":0},"end":{"line":48,"column":41}},"48":{"start":{"line":49,"column":0},"end":{"line":49,"column":63}},"50":{"start":{"line":51,"column":0},"end":{"line":51,"column":35}},"51":{"start":{"line":52,"column":0},"end":{"line":52,"column":47}},"52":{"start":{"line":53,"column":0},"end":{"line":53,"column":40}},"53":{"start":{"line":54,"column":0},"end":{"line":54,"column":23}},"54":{"start":{"line":55,"column":0},"end":{"line":55,"column":11}},"55":{"start":{"line":56,"column":0},"end":{"line":56,"column":5}},"56":{"start":{"line":57,"column":0},"end":{"line":57,"column":1}},"58":{"start":{"line":59,"column":0},"end":{"line":59,"column":11}},"59":{"start":{"line":60,"column":0},"end":{"line":60,"column":43}},"60":{"start":{"line":61,"column":0},"end":{"line":61,"column":39}},"61":{"start":{"line":62,"column":0},"end":{"line":62,"column":43}},"62":{"start":{"line":63,"column":0},"end":{"line":63,"column":58}},"63":{"start":{"line":64,"column":0},"end":{"line":64,"column":3}},"64":{"start":{"line":65,"column":0},"end":{"line":65,"column":47}},"65":{"start":{"line":66,"column":0},"end":{"line":66,"column":30}},"66":{"start":{"line":67,"column":0},"end":{"line":67,"column":22}},"67":{"start":{"line":68,"column":0},"end":{"line":68,"column":3}},"69":{"start":{"line":70,"column":0},"end":{"line":70,"column":8}},"70":{"start":{"line":71,"column":0},"end":{"line":71,"column":40}},"71":{"start":{"line":72,"column":0},"end":{"line":72,"column":39}},"72":{"start":{"line":73,"column":0},"end":{"line":73,"column":50}},"73":{"start":{"line":74,"column":0},"end":{"line":74,"column":62}},"74":{"start":{"line":75,"column":0},"end":{"line":75,"column":66}},"75":{"start":{"line":76,"column":0},"end":{"line":76,"column":3}},"77":{"start":{"line":78,"column":0},"end":{"line":78,"column":46}},"78":{"start":{"line":79,"column":0},"end":{"line":79,"column":44}},"80":{"start":{"line":81,"column":0},"end":{"line":81,"column":36}},"81":{"start":{"line":82,"column":0},"end":{"line":82,"column":41}},"83":{"start":{"line":84,"column":0},"end":{"line":84,"column":42}},"84":{"start":{"line":85,"column":0},"end":{"line":85,"column":3}},"86":{"start":{"line":87,"column":0},"end":{"line":87,"column":36}},"87":{"start":{"line":88,"column":0},"end":{"line":88,"column":36}},"88":{"start":{"line":89,"column":0},"end":{"line":89,"column":58}},"89":{"start":{"line":90,"column":0},"end":{"line":90,"column":31}},"90":{"start":{"line":91,"column":0},"end":{"line":91,"column":3}},"92":{"start":{"line":93,"column":0},"end":{"line":93,"column":48}},"94":{"start":{"line":95,"column":0},"end":{"line":95,"column":37}},"95":{"start":{"line":96,"column":0},"end":{"line":96,"column":37}},"96":{"start":{"line":97,"column":0},"end":{"line":97,"column":47}},"97":{"start":{"line":98,"column":0},"end":{"line":98,"column":44}},"99":{"start":{"line":100,"column":0},"end":{"line":100,"column":45}},"100":{"start":{"line":101,"column":0},"end":{"line":101,"column":59}},"101":{"start":{"line":102,"column":0},"end":{"line":102,"column":3}},"103":{"start":{"line":104,"column":0},"end":{"line":104,"column":25}},"104":{"start":{"line":105,"column":0},"end":{"line":105,"column":35}},"105":{"start":{"line":106,"column":0},"end":{"line":106,"column":36}},"106":{"start":{"line":107,"column":0},"end":{"line":107,"column":55}},"107":{"start":{"line":108,"column":0},"end":{"line":108,"column":22}},"108":{"start":{"line":109,"column":0},"end":{"line":109,"column":3}},"110":{"start":{"line":111,"column":0},"end":{"line":111,"column":10}},"111":{"start":{"line":112,"column":0},"end":{"line":112,"column":52}},"112":{"start":{"line":113,"column":0},"end":{"line":113,"column":38}},"113":{"start":{"line":114,"column":0},"end":{"line":114,"column":3}},"115":{"start":{"line":116,"column":0},"end":{"line":116,"column":8}},"116":{"start":{"line":117,"column":0},"end":{"line":117,"column":50}},"117":{"start":{"line":118,"column":0},"end":{"line":118,"column":49}},"118":{"start":{"line":119,"column":0},"end":{"line":119,"column":40}},"119":{"start":{"line":120,"column":0},"end":{"line":120,"column":47}},"120":{"start":{"line":121,"column":0},"end":{"line":121,"column":46}},"121":{"start":{"line":122,"column":0},"end":{"line":122,"column":6}},"122":{"start":{"line":123,"column":0},"end":{"line":123,"column":54}},"123":{"start":{"line":124,"column":0},"end":{"line":124,"column":19}},"124":{"start":{"line":125,"column":0},"end":{"line":125,"column":5}},"125":{"start":{"line":126,"column":0},"end":{"line":126,"column":3}},"127":{"start":{"line":128,"column":0},"end":{"line":128,"column":19}}},"s":{"0":1,"1":1,"2":1,"3":1,"4":1,"5":1,"6":1,"8":1,"9":1,"11":1,"12":1,"13":1,"14":1,"15":1,"16":1,"17":1,"18":0,"19":0,"20":0,"21":1,"22":1,"24":1,"25":1,"27":1,"28":1,"29":1,"31":1,"32":1,"33":1,"34":1,"36":1,"37":1,"38":1,"39":1,"42":1,"43":1,"44":7,"45":7,"47":7,"48":7,"50":4,"51":4,"52":4,"53":3,"54":3,"55":4,"56":4,"58":1,"59":1,"60":1,"61":1,"62":0,"63":0,"64":1,"65":1,"66":1,"67":1,"69":1,"70":1,"71":1,"72":1,"73":1,"74":0,"75":0,"77":1,"78":1,"80":1,"81":1,"83":1,"84":1,"86":1,"87":0,"88":0,"89":0,"90":0,"92":0,"94":0,"95":0,"96":0,"97":0,"99":0,"100":0,"101":1,"103":1,"104":1,"105":0,"106":0,"107":0,"108":1,"110":1,"111":1,"112":1,"113":1,"115":1,"116":1,"117":1,"118":1,"119":1,"120":13,"121":1,"122":1,"123":1,"124":1,"125":1,"127":1},"branchMap":{"0":{"type":"branch","line":17,"loc":{"start":{"line":17,"column":3},"end":{"line":23,"column":2}},"locations":[{"start":{"line":17,"column":3},"end":{"line":23,"column":2}}]},"1":{"type":"branch","line":18,"loc":{"start":{"line":18,"column":11},"end":{"line":21,"column":3}},"locations":[{"start":{"line":18,"column":11},"end":{"line":21,"column":3}}]},"2":{"type":"branch","line":33,"loc":{"start":{"line":33,"column":0},"end":{"line":35,"column":1}},"locations":[{"start":{"line":33,"column":0},"end":{"line":35,"column":1}}]},"3":{"type":"branch","line":38,"loc":{"start":{"line":38,"column":0},"end":{"line":40,"column":1}},"locations":[{"start":{"line":38,"column":0},"end":{"line":40,"column":1}}]},"4":{"type":"branch","line":44,"loc":{"start":{"line":44,"column":7},"end":{"line":57,"column":1}},"locations":[{"start":{"line":44,"column":7},"end":{"line":57,"column":1}}]},"5":{"type":"branch","line":46,"loc":{"start":{"line":46,"column":15},"end":{"line":46,"column":42}},"locations":[{"start":{"line":46,"column":15},"end":{"line":46,"column":42}}]},"6":{"type":"branch","line":49,"loc":{"start":{"line":49,"column":11},"end":{"line":49,"column":23}},"locations":[{"start":{"line":49,"column":11},"end":{"line":49,"column":23}}]},"7":{"type":"branch","line":49,"loc":{"start":{"line":49,"column":36},"end":{"line":57,"column":1}},"locations":[{"start":{"line":49,"column":36},"end":{"line":57,"column":1}}]},"8":{"type":"branch","line":49,"loc":{"start":{"line":49,"column":36},"end":{"line":49,"column":63}},"locations":[{"start":{"line":49,"column":36},"end":{"line":49,"column":63}}]},"9":{"type":"branch","line":49,"loc":{"start":{"line":49,"column":62},"end":{"line":57,"column":1}},"locations":[{"start":{"line":49,"column":62},"end":{"line":57,"column":1}}]},"10":{"type":"branch","line":52,"loc":{"start":{"line":52,"column":28},"end":{"line":56,"column":3}},"locations":[{"start":{"line":52,"column":28},"end":{"line":56,"column":3}}]},"11":{"type":"branch","line":53,"loc":{"start":{"line":53,"column":13},"end":{"line":56,"column":2}},"locations":[{"start":{"line":53,"column":13},"end":{"line":56,"column":2}}]},"12":{"type":"branch","line":53,"loc":{"start":{"line":53,"column":13},"end":{"line":53,"column":40}},"locations":[{"start":{"line":53,"column":13},"end":{"line":53,"column":40}}]},"13":{"type":"branch","line":60,"loc":{"start":{"line":60,"column":22},"end":{"line":68,"column":2}},"locations":[{"start":{"line":60,"column":22},"end":{"line":68,"column":2}}]},"14":{"type":"branch","line":62,"loc":{"start":{"line":62,"column":42},"end":{"line":64,"column":3}},"locations":[{"start":{"line":62,"column":42},"end":{"line":64,"column":3}}]},"15":{"type":"branch","line":71,"loc":{"start":{"line":71,"column":19},"end":{"line":85,"column":2}},"locations":[{"start":{"line":71,"column":19},"end":{"line":85,"column":2}}]},"16":{"type":"branch","line":74,"loc":{"start":{"line":74,"column":61},"end":{"line":76,"column":3}},"locations":[{"start":{"line":74,"column":61},"end":{"line":76,"column":3}}]},"17":{"type":"branch","line":73,"loc":{"start":{"line":73,"column":26},"end":{"line":73,"column":48}},"locations":[{"start":{"line":73,"column":26},"end":{"line":73,"column":48}}]},"18":{"type":"branch","line":112,"loc":{"start":{"line":112,"column":37},"end":{"line":114,"column":2}},"locations":[{"start":{"line":112,"column":37},"end":{"line":114,"column":2}}]},"19":{"type":"branch","line":117,"loc":{"start":{"line":117,"column":35},"end":{"line":126,"column":2}},"locations":[{"start":{"line":117,"column":35},"end":{"line":126,"column":2}}]},"20":{"type":"branch","line":118,"loc":{"start":{"line":118,"column":33},"end":{"line":125,"column":3}},"locations":[{"start":{"line":118,"column":33},"end":{"line":125,"column":3}}]},"21":{"type":"branch","line":119,"loc":{"start":{"line":119,"column":13},"end":{"line":119,"column":40}},"locations":[{"start":{"line":119,"column":13},"end":{"line":119,"column":40}}]},"22":{"type":"branch","line":120,"loc":{"start":{"line":120,"column":38},"end":{"line":121,"column":46}},"locations":[{"start":{"line":120,"column":38},"end":{"line":121,"column":46}}]},"23":{"type":"branch","line":121,"loc":{"start":{"line":121,"column":28},"end":{"line":121,"column":42}},"locations":[{"start":{"line":121,"column":28},"end":{"line":121,"column":42}}]},"24":{"type":"branch","line":121,"loc":{"start":{"line":121,"column":43},"end":{"line":121,"column":46}},"locations":[{"start":{"line":121,"column":43},"end":{"line":121,"column":46}}]}},"b":{"0":[1],"1":[0],"2":[1],"3":[1],"4":[7],"5":[0],"6":[4],"7":[5],"8":[3],"9":[4],"10":[4],"11":[3],"12":[1],"13":[1],"14":[0],"15":[1],"16":[0],"17":[1],"18":[1],"19":[1],"20":[1],"21":[0],"22":[13],"23":[6],"24":[7]},"fnMap":{"0":{"name":"signAccessToken","decl":{"start":{"line":33,"column":0},"end":{"line":35,"column":1}},"loc":{"start":{"line":33,"column":0},"end":{"line":35,"column":1}},"line":33},"1":{"name":"createRefreshToken","decl":{"start":{"line":38,"column":0},"end":{"line":40,"column":1}},"loc":{"start":{"line":38,"column":0},"end":{"line":40,"column":1}},"line":38},"2":{"name":"authenticateJWT","decl":{"start":{"line":44,"column":7},"end":{"line":57,"column":1}},"loc":{"start":{"line":44,"column":7},"end":{"line":57,"column":1}},"line":44}},"f":{"0":1,"1":1,"2":7}}
,"/Users/indranilchakraborty/Documents/portfolio/my project/user-service/src/index.js": {"path":"/Users/indranilchakraborty/Documents/portfolio/my project/user-service/src/index.js","all":true,"statementMap":{"0":{"start":{"line":1,"column":0},"end":{"line":1,"column":27}},"1":{"start":{"line":2,"column":0},"end":{"line":2,"column":0}},"2":{"start":{"line":3,"column":0},"end":{"line":3,"column":38}},"3":{"start":{"line":4,"column":0},"end":{"line":4,"column":24}},"4":{"start":{"line":5,"column":0},"end":{"line":5,"column":38}},"5":{"start":{"line":6,"column":0},"end":{"line":6,"column":3}}},"s":{"0":0,"1":0,"2":0,"3":0,"4":0,"5":0},"branchMap":{"0":{"type":"branch","line":1,"loc":{"start":{"line":1,"column":0},"end":{"line":6,"column":3}},"locations":[{"start":{"line":1,"column":0},"end":{"line":6,"column":3}}]}},"b":{"0":[0]},"fnMap":{"0":{"name":"(empty-report)","decl":{"start":{"line":1,"column":0},"end":{"line":6,"column":3}},"loc":{"start":{"line":1,"column":0},"end":{"line":6,"column":3}},"line":1}},"f":{"0":0}}
}
